<?xml version="1.0" encoding="UTF-8"?>
<!-- Generated by org.testng.reporters.JUnitXMLReporter -->
<testsuite ignored="0" hostname="Pravin-Zoof-Laptop" failures="0" tests="3" name="Countable functional Test" time="87.671" errors="0" timestamp="2023-06-15T11:51:34 IST">
  <testcase classname="com.qa.countable.tests.LoginPageTest" name="verifyLoginTitleTest" time="0.343"/>
  <testcase classname="com.qa.countable.tests.LoginPageTest" name="verifysignuplink" time="0.311"/>
  <testcase classname="com.qa.countable.tests.LoginPageTest" name="loginTest" time="9.422"/>
</testsuite> <!-- Countable functional Test -->
