<?xml version="1.0" encoding="UTF-8"?>
<testng-results ignored="0" total="4" passed="3" failed="1" skipped="0">
  <reporter-output>
  </reporter-output>
  <suite started-at="2023-06-14T10:39:26 IST" name="Default suite" finished-at="2023-06-14T10:41:29 IST" duration-ms="123641">
    <groups>
    </groups>
    <test started-at="2023-06-14T10:39:26 IST" name="Default test" finished-at="2023-06-14T10:41:29 IST" duration-ms="123641">
      <class name="com.qa.countable.tests.StatementInWorkbookTest">
        <test-method is-config="true" signature="setup()[pri:0, instance:com.qa.countable.tests.StatementInWorkbookTest@201a4587]" started-at="2023-06-14T10:39:26 IST" name="setup" finished-at="2023-06-14T10:40:20 IST" duration-ms="53742" status="PASS">
          <reporter-output>
          </reporter-output>
        </test-method> <!-- setup -->
        <test-method signature="navigateWorkbook()[pri:1, instance:com.qa.countable.tests.StatementInWorkbookTest@201a4587]" started-at="2023-06-14T10:40:20 IST" name="navigateWorkbook" finished-at="2023-06-14T10:40:54 IST" duration-ms="34635" status="PASS">
          <reporter-output>
          </reporter-output>
        </test-method> <!-- navigateWorkbook -->
        <test-method signature="expandCollapsetest()[pri:2, instance:com.qa.countable.tests.StatementInWorkbookTest@201a4587]" started-at="2023-06-14T10:40:54 IST" name="expandCollapsetest" finished-at="2023-06-14T10:41:18 IST" duration-ms="23477" status="FAIL">
          <exception class="java.lang.IllegalArgumentException">
            <message>
              <![CDATA[Element must be set]]>
            </message>
            <full-stacktrace>
              <![CDATA[java.lang.IllegalArgumentException: Element must be set
at org.openqa.selenium.internal.Require.nonNull(Require.java:59)
at org.openqa.selenium.interactions.PointerInput$Origin.fromElement(PointerInput.java:287)
at org.openqa.selenium.interactions.Actions.moveInTicks(Actions.java:342)
at org.openqa.selenium.interactions.Actions.click(Actions.java:272)
at com.qa.countable.page.StatementInWorkbook.expandCollapse(StatementInWorkbook.java:69)
at com.qa.countable.tests.StatementInWorkbookTest.expandCollapsetest(StatementInWorkbookTest.java:54)
at java.base/jdk.internal.reflect.NativeMethodAccessorImpl.invoke0(Native Method)
at java.base/jdk.internal.reflect.NativeMethodAccessorImpl.invoke(NativeMethodAccessorImpl.java:77)
at java.base/jdk.internal.reflect.DelegatingMethodAccessorImpl.invoke(DelegatingMethodAccessorImpl.java:43)
at java.base/java.lang.reflect.Method.invoke(Method.java:568)
at org.testng.internal.MethodInvocationHelper.invokeMethod(MethodInvocationHelper.java:133)
at org.testng.internal.TestInvoker.invokeMethod(TestInvoker.java:598)
at org.testng.internal.TestInvoker.invokeTestMethod(TestInvoker.java:173)
at org.testng.internal.MethodRunner.runInSequence(MethodRunner.java:46)
at org.testng.internal.TestInvoker$MethodInvocationAgent.invoke(TestInvoker.java:824)
at org.testng.internal.TestInvoker.invokeTestMethods(TestInvoker.java:146)
at org.testng.internal.TestMethodWorker.invokeTestMethods(TestMethodWorker.java:146)
at org.testng.internal.TestMethodWorker.run(TestMethodWorker.java:128)
at java.base/java.util.ArrayList.forEach(ArrayList.java:1511)
at org.testng.TestRunner.privateRun(TestRunner.java:794)
at org.testng.TestRunner.run(TestRunner.java:596)
at org.testng.SuiteRunner.runTest(SuiteRunner.java:377)
at org.testng.SuiteRunner.runSequentially(SuiteRunner.java:371)
at org.testng.SuiteRunner.privateRun(SuiteRunner.java:332)
at org.testng.SuiteRunner.run(SuiteRunner.java:276)
at org.testng.SuiteRunnerWorker.runSuite(SuiteRunnerWorker.java:53)
at org.testng.SuiteRunnerWorker.run(SuiteRunnerWorker.java:96)
at org.testng.TestNG.runSuitesSequentially(TestNG.java:1212)
at org.testng.TestNG.runSuitesLocally(TestNG.java:1134)
at org.testng.TestNG.runSuites(TestNG.java:1063)
at org.testng.TestNG.run(TestNG.java:1031)
at org.testng.remote.AbstractRemoteTestNG.run(AbstractRemoteTestNG.java:115)
at org.testng.remote.RemoteTestNG.initAndRun(RemoteTestNG.java:251)
at org.testng.remote.RemoteTestNG.main(RemoteTestNG.java:77)
]]>
            </full-stacktrace>
          </exception> <!-- java.lang.IllegalArgumentException -->
          <reporter-output>
          </reporter-output>
        </test-method> <!-- expandCollapsetest -->
        <test-method signature="createGroupInStatement()[pri:3, instance:com.qa.countable.tests.StatementInWorkbookTest@201a4587]" started-at="2023-06-14T10:41:18 IST" name="createGroupInStatement" finished-at="2023-06-14T10:41:24 IST" duration-ms="6478" status="PASS">
          <reporter-output>
          </reporter-output>
        </test-method> <!-- createGroupInStatement -->
        <test-method signature="previewInStatement()[pri:4, instance:com.qa.countable.tests.StatementInWorkbookTest@201a4587]" started-at="2023-06-14T10:41:24 IST" name="previewInStatement" finished-at="2023-06-14T10:41:29 IST" duration-ms="5256" status="PASS">
          <reporter-output>
          </reporter-output>
        </test-method> <!-- previewInStatement -->
      </class> <!-- com.qa.countable.tests.StatementInWorkbookTest -->
    </test> <!-- Default test -->
  </suite> <!-- Default suite -->
</testng-results>
