<?xml version="1.0" encoding="UTF-8"?>
<testng-results ignored="0" total="3" passed="3" failed="0" skipped="0">
  <reporter-output>
  </reporter-output>
  <suite started-at="2023-06-15T11:50:07 IST" name="Countable Regression Suite" finished-at="2023-06-15T11:51:34 IST" duration-ms="87671">
    <groups>
    </groups>
    <test started-at="2023-06-15T11:50:07 IST" name="Countable functional Test" finished-at="2023-06-15T11:51:34 IST" duration-ms="87671">
      <class name="com.qa.countable.tests.LoginPageTest">
        <test-method is-config="true" signature="setup()[pri:0, instance:com.qa.countable.tests.LoginPageTest@c9d0d6]" started-at="2023-06-15T11:50:07 IST" name="setup" finished-at="2023-06-15T11:51:24 IST" duration-ms="77453" status="PASS">
          <reporter-output>
          </reporter-output>
        </test-method> <!-- setup -->
        <test-method signature="verifyLoginTitleTest()[pri:1, instance:com.qa.countable.tests.LoginPageTest@c9d0d6]" started-at="2023-06-15T11:51:24 IST" name="verifyLoginTitleTest" finished-at="2023-06-15T11:51:25 IST" duration-ms="343" status="PASS">
          <reporter-output>
          </reporter-output>
        </test-method> <!-- verifyLoginTitleTest -->
        <test-method signature="verifysignuplink()[pri:2, instance:com.qa.countable.tests.LoginPageTest@c9d0d6]" started-at="2023-06-15T11:51:25 IST" name="verifysignuplink" finished-at="2023-06-15T11:51:25 IST" duration-ms="311" status="PASS">
          <reporter-output>
          </reporter-output>
        </test-method> <!-- verifysignuplink -->
        <test-method signature="loginTest()[pri:3, instance:com.qa.countable.tests.LoginPageTest@c9d0d6]" started-at="2023-06-15T11:51:25 IST" name="loginTest" finished-at="2023-06-15T11:51:34 IST" duration-ms="9422" status="PASS">
          <reporter-output>
          </reporter-output>
        </test-method> <!-- loginTest -->
        <test-method is-config="true" signature="teardown()[pri:0, instance:com.qa.countable.tests.LoginPageTest@c9d0d6]" started-at="2023-06-15T11:51:34 IST" name="teardown" finished-at="2023-06-15T11:51:34 IST" duration-ms="1" status="PASS">
          <reporter-output>
          </reporter-output>
        </test-method> <!-- teardown -->
      </class> <!-- com.qa.countable.tests.LoginPageTest -->
    </test> <!-- Countable functional Test -->
  </suite> <!-- Countable Regression Suite -->
</testng-results>
